mode: set
github.com/meraiku/music_lib/api/swagger/docs.go:428.13,430.2 1 0
github.com/meraiku/music_lib/internal/api/request.go:8.57,11.21 2 1
github.com/meraiku/music_lib/internal/api/request.go:11.21,13.3 1 1
github.com/meraiku/music_lib/internal/api/request.go:14.2,14.20 1 1
github.com/meraiku/music_lib/internal/api/request.go:14.20,16.3 1 1
github.com/meraiku/music_lib/internal/api/request.go:18.2,18.22 1 1
github.com/meraiku/music_lib/internal/api/request.go:18.22,20.3 1 1
github.com/meraiku/music_lib/internal/api/request.go:22.2,22.12 1 1
github.com/meraiku/music_lib/cmd/info/helpers.go:13.63,17.16 3 0
github.com/meraiku/music_lib/cmd/info/helpers.go:17.16,19.3 1 0
github.com/meraiku/music_lib/cmd/info/helpers.go:21.2,23.12 3 0
github.com/meraiku/music_lib/cmd/info/helpers.go:26.53,30.16 3 0
github.com/meraiku/music_lib/cmd/info/helpers.go:30.16,31.29 1 0
github.com/meraiku/music_lib/cmd/info/helpers.go:31.29,33.4 1 0
github.com/meraiku/music_lib/cmd/info/helpers.go:34.3,34.58 1 0
github.com/meraiku/music_lib/cmd/info/helpers.go:37.2,37.12 1 0
github.com/meraiku/music_lib/cmd/info/main.go:14.13,30.16 7 0
github.com/meraiku/music_lib/cmd/info/main.go:30.16,32.3 1 0
github.com/meraiku/music_lib/cmd/info/main.go:35.57,38.50 2 0
github.com/meraiku/music_lib/cmd/info/main.go:38.50,39.37 1 0
github.com/meraiku/music_lib/cmd/info/main.go:39.37,42.4 2 0
github.com/meraiku/music_lib/cmd/info/main.go:43.3,44.9 2 0
github.com/meraiku/music_lib/cmd/info/main.go:47.2,47.39 1 0
github.com/meraiku/music_lib/cmd/info/main.go:47.39,50.3 2 0
github.com/meraiku/music_lib/cmd/info/main.go:52.2,58.30 2 0
github.com/meraiku/music_lib/cmd/info/model.go:18.41,26.21 2 0
github.com/meraiku/music_lib/cmd/info/model.go:26.21,27.20 1 0
github.com/meraiku/music_lib/cmd/info/model.go:27.20,29.4 1 0
github.com/meraiku/music_lib/cmd/info/model.go:32.2,32.33 1 0
github.com/meraiku/music_lib/cmd/api/main.go:13.13,17.16 3 0
github.com/meraiku/music_lib/cmd/api/main.go:17.16,19.3 1 0
github.com/meraiku/music_lib/cmd/api/main.go:21.2,22.16 2 0
github.com/meraiku/music_lib/cmd/api/main.go:22.16,24.3 1 0
github.com/meraiku/music_lib/internal/api/rest/errors.go:20.34,22.2 1 0
github.com/meraiku/music_lib/internal/api/rest/errors.go:24.54,29.2 1 0
github.com/meraiku/music_lib/internal/api/rest/errors.go:31.60,36.2 1 0
github.com/meraiku/music_lib/internal/api/rest/errors.go:38.29,40.2 1 0
github.com/meraiku/music_lib/internal/api/rest/errors.go:44.59,45.54 1 0
github.com/meraiku/music_lib/internal/api/rest/errors.go:45.54,46.33 1 0
github.com/meraiku/music_lib/internal/api/rest/errors.go:46.33,48.40 1 0
github.com/meraiku/music_lib/internal/api/rest/errors.go:48.40,50.5 1 0
github.com/meraiku/music_lib/internal/api/rest/errors.go:50.10,56.5 2 0
github.com/meraiku/music_lib/internal/api/rest/errors.go:57.4,57.77 1 0
github.com/meraiku/music_lib/internal/api/rest/handlers.go:23.79,25.2 1 0
github.com/meraiku/music_lib/internal/api/rest/handlers.go:38.81,51.20 8 0
github.com/meraiku/music_lib/internal/api/rest/handlers.go:51.20,53.3 1 0
github.com/meraiku/music_lib/internal/api/rest/handlers.go:54.2,54.17 1 0
github.com/meraiku/music_lib/internal/api/rest/handlers.go:54.17,56.3 1 0
github.com/meraiku/music_lib/internal/api/rest/handlers.go:58.2,58.37 1 0
github.com/meraiku/music_lib/internal/api/rest/handlers.go:58.37,60.3 1 0
github.com/meraiku/music_lib/internal/api/rest/handlers.go:62.2,65.16 3 0
github.com/meraiku/music_lib/internal/api/rest/handlers.go:65.16,67.3 1 0
github.com/meraiku/music_lib/internal/api/rest/handlers.go:69.2,71.74 2 0
github.com/meraiku/music_lib/internal/api/rest/handlers.go:86.80,92.42 3 0
github.com/meraiku/music_lib/internal/api/rest/handlers.go:92.42,94.3 1 0
github.com/meraiku/music_lib/internal/api/rest/handlers.go:96.2,101.16 4 0
github.com/meraiku/music_lib/internal/api/rest/handlers.go:101.16,102.45 1 0
github.com/meraiku/music_lib/internal/api/rest/handlers.go:102.45,104.4 1 0
github.com/meraiku/music_lib/internal/api/rest/handlers.go:105.3,105.13 1 0
github.com/meraiku/music_lib/internal/api/rest/handlers.go:108.2,110.64 2 0
github.com/meraiku/music_lib/internal/api/rest/handlers.go:125.81,130.50 3 0
github.com/meraiku/music_lib/internal/api/rest/handlers.go:130.50,132.3 1 0
github.com/meraiku/music_lib/internal/api/rest/handlers.go:134.2,134.45 1 0
github.com/meraiku/music_lib/internal/api/rest/handlers.go:134.45,136.3 1 0
github.com/meraiku/music_lib/internal/api/rest/handlers.go:138.2,139.16 2 0
github.com/meraiku/music_lib/internal/api/rest/handlers.go:139.16,140.40 1 0
github.com/meraiku/music_lib/internal/api/rest/handlers.go:140.40,142.4 1 0
github.com/meraiku/music_lib/internal/api/rest/handlers.go:143.3,143.13 1 0
github.com/meraiku/music_lib/internal/api/rest/handlers.go:146.2,148.69 2 0
github.com/meraiku/music_lib/internal/api/rest/handlers.go:159.83,165.42 3 0
github.com/meraiku/music_lib/internal/api/rest/handlers.go:165.42,167.3 1 0
github.com/meraiku/music_lib/internal/api/rest/handlers.go:169.2,169.67 1 0
github.com/meraiku/music_lib/internal/api/rest/handlers.go:169.67,171.3 1 0
github.com/meraiku/music_lib/internal/api/rest/handlers.go:173.2,176.12 3 0
github.com/meraiku/music_lib/internal/api/rest/handlers.go:193.83,199.50 3 0
github.com/meraiku/music_lib/internal/api/rest/handlers.go:199.50,202.3 2 0
github.com/meraiku/music_lib/internal/api/rest/handlers.go:204.2,206.42 2 0
github.com/meraiku/music_lib/internal/api/rest/handlers.go:206.42,208.3 1 0
github.com/meraiku/music_lib/internal/api/rest/handlers.go:210.2,211.16 2 0
github.com/meraiku/music_lib/internal/api/rest/handlers.go:211.16,212.45 1 0
github.com/meraiku/music_lib/internal/api/rest/handlers.go:212.45,214.4 1 0
github.com/meraiku/music_lib/internal/api/rest/handlers.go:215.3,215.13 1 0
github.com/meraiku/music_lib/internal/api/rest/handlers.go:218.2,220.64 2 0
github.com/meraiku/music_lib/internal/api/rest/helpers.go:12.83,16.16 3 0
github.com/meraiku/music_lib/internal/api/rest/helpers.go:16.16,18.3 1 0
github.com/meraiku/music_lib/internal/api/rest/helpers.go:20.2,22.12 3 0
github.com/meraiku/music_lib/internal/api/rest/helpers.go:25.53,29.16 3 0
github.com/meraiku/music_lib/internal/api/rest/helpers.go:29.16,30.29 1 0
github.com/meraiku/music_lib/internal/api/rest/helpers.go:30.29,32.4 1 0
github.com/meraiku/music_lib/internal/api/rest/helpers.go:33.3,33.58 1 0
github.com/meraiku/music_lib/internal/api/rest/helpers.go:36.2,36.12 1 0
github.com/meraiku/music_lib/internal/api/rest/middleware.go:12.69,14.71 1 0
github.com/meraiku/music_lib/internal/api/rest/middleware.go:14.71,31.3 7 0
github.com/meraiku/music_lib/internal/api/rest/routes.go:11.51,21.37 6 0
github.com/meraiku/music_lib/internal/api/rest/routes.go:21.37,23.40 1 0
github.com/meraiku/music_lib/internal/api/rest/routes.go:23.40,30.4 5 0
github.com/meraiku/music_lib/internal/api/rest/routes.go:33.2,33.10 1 0
github.com/meraiku/music_lib/internal/api/rest/service.go:16.96,21.2 1 0
github.com/meraiku/music_lib/internal/api/rest/service.go:23.49,24.21 1 0
github.com/meraiku/music_lib/internal/api/rest/service.go:24.21,26.3 1 0
github.com/meraiku/music_lib/internal/api/rest/service.go:28.2,28.17 1 0
github.com/meraiku/music_lib/internal/api/rest/wraper.go:11.64,13.2 1 0
github.com/meraiku/music_lib/internal/api/rest/wraper.go:15.40,17.2 1 0
github.com/meraiku/music_lib/internal/api/rest/wraper.go:19.49,20.20 1 0
github.com/meraiku/music_lib/internal/api/rest/wraper.go:20.20,22.3 1 0
github.com/meraiku/music_lib/internal/api/rest/wraper.go:24.2,26.23 3 0
github.com/meraiku/music_lib/internal/config/config.go:5.30,7.2 1 0
github.com/meraiku/music_lib/internal/config/rest.go:13.40,15.2 1 0
github.com/meraiku/music_lib/internal/config/rest.go:17.34,24.20 4 0
github.com/meraiku/music_lib/internal/config/rest.go:24.20,26.3 1 0
github.com/meraiku/music_lib/internal/config/rest.go:28.2,28.12 1 0
github.com/meraiku/music_lib/internal/model/parameters.go:21.39,25.17 2 0
github.com/meraiku/music_lib/internal/model/parameters.go:26.21,26.21 0 0
github.com/meraiku/music_lib/internal/model/parameters.go:27.10,28.18 1 0
github.com/meraiku/music_lib/internal/model/parameters.go:31.2,31.36 1 0
github.com/meraiku/music_lib/internal/model/parameters.go:31.36,33.3 1 0
github.com/meraiku/music_lib/internal/model/parameters.go:35.2,35.18 1 0
github.com/meraiku/music_lib/internal/model/parameters.go:36.66,37.13 1 0
github.com/meraiku/music_lib/internal/model/parameters.go:38.10,39.26 1 0
github.com/meraiku/music_lib/internal/converter/converter.go:10.69,15.2 1 0
github.com/meraiku/music_lib/internal/converter/converter.go:17.78,20.28 2 0
github.com/meraiku/music_lib/internal/converter/converter.go:20.28,22.17 2 0
github.com/meraiku/music_lib/internal/converter/converter.go:22.17,24.4 1 0
github.com/meraiku/music_lib/internal/converter/converter.go:27.2,34.3 1 0
github.com/meraiku/music_lib/internal/converter/converter.go:37.45,46.2 1 0
github.com/meraiku/music_lib/internal/converter/converter.go:48.53,51.25 2 0
github.com/meraiku/music_lib/internal/converter/converter.go:51.25,54.3 2 0
github.com/meraiku/music_lib/internal/converter/converter.go:56.2,56.12 1 0
github.com/meraiku/music_lib/internal/converter/converter.go:59.47,62.25 2 0
github.com/meraiku/music_lib/internal/converter/converter.go:62.25,67.3 1 0
github.com/meraiku/music_lib/internal/converter/converter.go:69.2,69.12 1 0
github.com/meraiku/music_lib/internal/repo/mocks/mock_repo.go:27.75,31.2 3 0
github.com/meraiku/music_lib/internal/repo/mocks/mock_repo.go:34.73,36.2 1 0
github.com/meraiku/music_lib/internal/repo/mocks/mock_repo.go:39.99,45.2 5 0
github.com/meraiku/music_lib/internal/repo/mocks/mock_repo.go:48.88,51.2 2 0
github.com/meraiku/music_lib/internal/repo/mocks/mock_repo.go:54.80,59.2 4 0
github.com/meraiku/music_lib/internal/repo/mocks/mock_repo.go:62.89,65.2 2 0
github.com/meraiku/music_lib/internal/repo/mocks/mock_repo.go:68.109,74.2 5 0
github.com/meraiku/music_lib/internal/repo/mocks/mock_repo.go:77.91,80.2 2 0
github.com/meraiku/music_lib/internal/repo/mocks/mock_repo.go:83.91,89.2 5 0
github.com/meraiku/music_lib/internal/repo/mocks/mock_repo.go:92.90,95.2 2 0
github.com/meraiku/music_lib/internal/repo/mocks/mock_repo.go:98.104,104.2 5 0
github.com/meraiku/music_lib/internal/repo/mocks/mock_repo.go:107.91,110.2 2 0
github.com/meraiku/music_lib/internal/lib/fetcher/fetcher.go:19.31,24.2 1 0
github.com/meraiku/music_lib/internal/lib/fetcher/fetcher.go:26.25,31.2 1 0
github.com/meraiku/music_lib/internal/lib/fetcher/fetcher.go:33.81,41.16 3 0
github.com/meraiku/music_lib/internal/lib/fetcher/fetcher.go:41.16,43.3 1 0
github.com/meraiku/music_lib/internal/lib/fetcher/fetcher.go:44.2,46.25 2 0
github.com/meraiku/music_lib/internal/lib/fetcher/fetcher.go:47.29,48.19 1 0
github.com/meraiku/music_lib/internal/lib/fetcher/fetcher.go:49.27,50.31 1 0
github.com/meraiku/music_lib/internal/lib/fetcher/fetcher.go:51.38,55.19 1 0
github.com/meraiku/music_lib/internal/lib/fetcher/fetcher.go:56.21,60.65 2 0
github.com/meraiku/music_lib/internal/lib/fetcher/fetcher.go:60.65,62.4 1 0
github.com/meraiku/music_lib/internal/lib/fetcher/fetcher.go:64.3,70.13 5 0
github.com/meraiku/music_lib/internal/lib/fetcher/fetcher.go:71.10,72.30 1 0
github.com/meraiku/music_lib/internal/lib/fetcher/fetcher.go:76.87,83.16 3 0
github.com/meraiku/music_lib/internal/lib/fetcher/fetcher.go:83.16,85.3 1 0
github.com/meraiku/music_lib/internal/lib/fetcher/fetcher.go:87.2,90.16 3 0
github.com/meraiku/music_lib/internal/lib/fetcher/fetcher.go:90.16,92.3 1 0
github.com/meraiku/music_lib/internal/lib/fetcher/fetcher.go:94.2,95.16 2 0
github.com/meraiku/music_lib/internal/lib/fetcher/fetcher.go:95.16,97.3 1 0
github.com/meraiku/music_lib/internal/lib/fetcher/fetcher.go:99.2,99.18 1 0
github.com/meraiku/music_lib/internal/repo/postgre/postgre.go:26.52,30.37 3 0
github.com/meraiku/music_lib/internal/repo/postgre/postgre.go:30.37,32.3 1 0
github.com/meraiku/music_lib/internal/repo/postgre/postgre.go:34.2,34.48 1 0
github.com/meraiku/music_lib/internal/repo/postgre/postgre.go:34.48,36.3 1 0
github.com/meraiku/music_lib/internal/repo/postgre/postgre.go:38.2,44.8 2 0
github.com/meraiku/music_lib/internal/repo/postgre/songs.go:18.98,20.30 1 0
github.com/meraiku/music_lib/internal/repo/postgre/songs.go:20.30,22.3 1 0
github.com/meraiku/music_lib/internal/repo/postgre/songs.go:24.2,35.103 6 0
github.com/meraiku/music_lib/internal/repo/postgre/songs.go:35.103,37.3 1 0
github.com/meraiku/music_lib/internal/repo/postgre/songs.go:39.2,40.23 2 0
github.com/meraiku/music_lib/internal/repo/postgre/songs.go:40.23,42.3 1 0
github.com/meraiku/music_lib/internal/repo/postgre/songs.go:44.2,49.17 2 0
github.com/meraiku/music_lib/internal/repo/postgre/songs.go:52.80,64.65 4 0
github.com/meraiku/music_lib/internal/repo/postgre/songs.go:64.65,65.36 1 0
github.com/meraiku/music_lib/internal/repo/postgre/songs.go:65.36,67.4 1 0
github.com/meraiku/music_lib/internal/repo/postgre/songs.go:68.3,68.44 1 0
github.com/meraiku/music_lib/internal/repo/postgre/songs.go:71.2,77.18 2 0
github.com/meraiku/music_lib/internal/repo/postgre/songs.go:80.88,108.16 8 0
github.com/meraiku/music_lib/internal/repo/postgre/songs.go:108.16,110.3 1 0
github.com/meraiku/music_lib/internal/repo/postgre/songs.go:112.2,117.36 2 0
github.com/meraiku/music_lib/internal/repo/postgre/songs.go:120.69,131.16 4 0
github.com/meraiku/music_lib/internal/repo/postgre/songs.go:131.16,132.36 1 0
github.com/meraiku/music_lib/internal/repo/postgre/songs.go:132.36,134.4 1 0
github.com/meraiku/music_lib/internal/repo/postgre/songs.go:135.3,135.40 1 0
github.com/meraiku/music_lib/internal/repo/postgre/songs.go:138.2,143.12 2 0
github.com/meraiku/music_lib/internal/repo/postgre/songs.go:146.93,168.67 10 0
github.com/meraiku/music_lib/internal/repo/postgre/songs.go:168.67,169.36 1 0
github.com/meraiku/music_lib/internal/repo/postgre/songs.go:169.36,171.4 1 0
github.com/meraiku/music_lib/internal/repo/postgre/songs.go:173.3,173.45 1 0
github.com/meraiku/music_lib/internal/repo/postgre/songs.go:176.2,181.37 2 0
github.com/meraiku/music_lib/internal/app/app.go:17.48,21.40 2 0
github.com/meraiku/music_lib/internal/app/app.go:21.40,23.3 1 0
github.com/meraiku/music_lib/internal/app/app.go:25.2,25.15 1 0
github.com/meraiku/music_lib/internal/app/app.go:28.27,30.2 1 0
github.com/meraiku/music_lib/internal/app/app.go:32.51,39.26 2 0
github.com/meraiku/music_lib/internal/app/app.go:39.26,41.17 2 0
github.com/meraiku/music_lib/internal/app/app.go:41.17,43.4 1 0
github.com/meraiku/music_lib/internal/app/app.go:46.2,46.12 1 0
github.com/meraiku/music_lib/internal/app/app.go:49.51,54.2 2 0
github.com/meraiku/music_lib/internal/app/app.go:56.60,60.2 2 0
github.com/meraiku/music_lib/internal/app/app.go:62.37,72.2 3 0
github.com/meraiku/music_lib/internal/app/service_provider.go:24.44,26.2 1 0
github.com/meraiku/music_lib/internal/app/service_provider.go:28.55,29.18 1 0
github.com/meraiku/music_lib/internal/app/service_provider.go:29.18,31.3 1 0
github.com/meraiku/music_lib/internal/app/service_provider.go:33.2,33.14 1 0
github.com/meraiku/music_lib/internal/app/service_provider.go:36.52,37.18 1 0
github.com/meraiku/music_lib/internal/app/service_provider.go:37.18,39.3 1 0
github.com/meraiku/music_lib/internal/app/service_provider.go:41.2,41.14 1 0
github.com/meraiku/music_lib/internal/app/service_provider.go:44.59,45.23 1 0
github.com/meraiku/music_lib/internal/app/service_provider.go:45.23,47.3 1 0
github.com/meraiku/music_lib/internal/app/service_provider.go:49.2,49.19 1 0
github.com/meraiku/music_lib/internal/app/service_provider.go:52.61,53.19 1 0
github.com/meraiku/music_lib/internal/app/service_provider.go:53.19,56.17 3 0
github.com/meraiku/music_lib/internal/app/service_provider.go:56.17,58.4 1 0
github.com/meraiku/music_lib/internal/app/service_provider.go:61.2,61.15 1 0
github.com/meraiku/music_lib/internal/app/service_provider.go:64.63,65.27 1 0
github.com/meraiku/music_lib/internal/app/service_provider.go:65.27,67.3 1 0
github.com/meraiku/music_lib/internal/app/service_provider.go:69.2,69.23 1 0
github.com/meraiku/music_lib/internal/repo/converter.go:7.42,16.2 1 0
github.com/meraiku/music_lib/internal/repo/converter.go:18.42,27.2 1 0
github.com/meraiku/music_lib/internal/repo/converter.go:29.48,39.2 1 0
github.com/meraiku/music_lib/internal/repo/model.go:30.41,32.19 2 0
github.com/meraiku/music_lib/internal/repo/model.go:32.19,34.3 1 0
github.com/meraiku/music_lib/internal/repo/model.go:35.2,35.19 1 0
github.com/meraiku/music_lib/internal/repo/model.go:35.19,37.3 1 0
github.com/meraiku/music_lib/internal/repo/model.go:38.2,38.26 1 0
github.com/meraiku/music_lib/internal/repo/model.go:38.26,40.3 1 0
github.com/meraiku/music_lib/internal/repo/model.go:41.2,41.21 1 0
github.com/meraiku/music_lib/internal/repo/model.go:41.21,43.3 1 0
github.com/meraiku/music_lib/internal/repo/model.go:44.2,44.19 1 0
github.com/meraiku/music_lib/internal/repo/model.go:44.19,46.3 1 0
github.com/meraiku/music_lib/internal/repo/model.go:48.2,49.10 2 0
github.com/meraiku/music_lib/internal/repo/sql.go:13.48,14.26 1 0
github.com/meraiku/music_lib/internal/repo/sql.go:14.26,16.3 1 0
github.com/meraiku/music_lib/internal/repo/sql.go:17.2,17.21 1 0
github.com/meraiku/music_lib/internal/repo/sql.go:17.21,19.3 1 0
github.com/meraiku/music_lib/internal/repo/sql.go:21.2,22.36 2 0
github.com/meraiku/music_lib/internal/repo/sql.go:25.42,27.2 1 0
github.com/meraiku/music_lib/internal/repo/sql.go:29.36,31.2 1 0
github.com/meraiku/music_lib/internal/lib/fetcher/fetcher.go:19.31,24.2 1 0
github.com/meraiku/music_lib/internal/lib/fetcher/fetcher.go:26.25,31.2 1 0
github.com/meraiku/music_lib/internal/lib/fetcher/fetcher.go:33.81,41.16 3 0
github.com/meraiku/music_lib/internal/lib/fetcher/fetcher.go:41.16,43.3 1 0
github.com/meraiku/music_lib/internal/lib/fetcher/fetcher.go:44.2,46.25 2 0
github.com/meraiku/music_lib/internal/lib/fetcher/fetcher.go:47.29,48.19 1 0
github.com/meraiku/music_lib/internal/lib/fetcher/fetcher.go:49.27,50.31 1 0
github.com/meraiku/music_lib/internal/lib/fetcher/fetcher.go:51.38,55.19 1 0
github.com/meraiku/music_lib/internal/lib/fetcher/fetcher.go:56.21,60.65 2 0
github.com/meraiku/music_lib/internal/lib/fetcher/fetcher.go:60.65,62.4 1 0
github.com/meraiku/music_lib/internal/lib/fetcher/fetcher.go:64.3,70.13 5 0
github.com/meraiku/music_lib/internal/lib/fetcher/fetcher.go:71.10,72.30 1 0
github.com/meraiku/music_lib/internal/lib/fetcher/fetcher.go:76.87,83.16 3 0
github.com/meraiku/music_lib/internal/lib/fetcher/fetcher.go:83.16,85.3 1 0
github.com/meraiku/music_lib/internal/lib/fetcher/fetcher.go:87.2,90.16 3 0
github.com/meraiku/music_lib/internal/lib/fetcher/fetcher.go:90.16,92.3 1 0
github.com/meraiku/music_lib/internal/lib/fetcher/fetcher.go:94.2,95.16 2 0
github.com/meraiku/music_lib/internal/lib/fetcher/fetcher.go:95.16,97.3 1 0
github.com/meraiku/music_lib/internal/lib/fetcher/fetcher.go:99.2,99.18 1 0
github.com/meraiku/music_lib/internal/model/parameters.go:21.39,25.17 2 0
github.com/meraiku/music_lib/internal/model/parameters.go:26.21,26.21 0 0
github.com/meraiku/music_lib/internal/model/parameters.go:27.10,28.18 1 0
github.com/meraiku/music_lib/internal/model/parameters.go:31.2,31.36 1 0
github.com/meraiku/music_lib/internal/model/parameters.go:31.36,33.3 1 0
github.com/meraiku/music_lib/internal/model/parameters.go:35.2,35.18 1 0
github.com/meraiku/music_lib/internal/model/parameters.go:36.66,37.13 1 0
github.com/meraiku/music_lib/internal/model/parameters.go:38.10,39.26 1 0
github.com/meraiku/music_lib/internal/repo/converter.go:7.42,16.2 1 0
github.com/meraiku/music_lib/internal/repo/converter.go:18.42,27.2 1 0
github.com/meraiku/music_lib/internal/repo/converter.go:29.48,39.2 1 0
github.com/meraiku/music_lib/internal/repo/model.go:30.41,32.19 2 0
github.com/meraiku/music_lib/internal/repo/model.go:32.19,34.3 1 0
github.com/meraiku/music_lib/internal/repo/model.go:35.2,35.19 1 0
github.com/meraiku/music_lib/internal/repo/model.go:35.19,37.3 1 0
github.com/meraiku/music_lib/internal/repo/model.go:38.2,38.26 1 0
github.com/meraiku/music_lib/internal/repo/model.go:38.26,40.3 1 0
github.com/meraiku/music_lib/internal/repo/model.go:41.2,41.21 1 0
github.com/meraiku/music_lib/internal/repo/model.go:41.21,43.3 1 0
github.com/meraiku/music_lib/internal/repo/model.go:44.2,44.19 1 0
github.com/meraiku/music_lib/internal/repo/model.go:44.19,46.3 1 0
github.com/meraiku/music_lib/internal/repo/model.go:48.2,49.10 2 0
github.com/meraiku/music_lib/internal/repo/sql.go:13.48,14.26 1 0
github.com/meraiku/music_lib/internal/repo/sql.go:14.26,16.3 1 0
github.com/meraiku/music_lib/internal/repo/sql.go:17.2,17.21 1 0
github.com/meraiku/music_lib/internal/repo/sql.go:17.21,19.3 1 0
github.com/meraiku/music_lib/internal/repo/sql.go:21.2,22.36 2 0
github.com/meraiku/music_lib/internal/repo/sql.go:25.42,27.2 1 0
github.com/meraiku/music_lib/internal/repo/sql.go:29.36,31.2 1 0
github.com/meraiku/music_lib/internal/repo/mocks/mock_repo.go:27.75,31.2 3 1
github.com/meraiku/music_lib/internal/repo/mocks/mock_repo.go:34.73,36.2 1 1
github.com/meraiku/music_lib/internal/repo/mocks/mock_repo.go:39.99,45.2 5 0
github.com/meraiku/music_lib/internal/repo/mocks/mock_repo.go:48.88,51.2 2 0
github.com/meraiku/music_lib/internal/repo/mocks/mock_repo.go:54.80,59.2 4 0
github.com/meraiku/music_lib/internal/repo/mocks/mock_repo.go:62.89,65.2 2 0
github.com/meraiku/music_lib/internal/repo/mocks/mock_repo.go:68.109,74.2 5 1
github.com/meraiku/music_lib/internal/repo/mocks/mock_repo.go:77.91,80.2 2 1
github.com/meraiku/music_lib/internal/repo/mocks/mock_repo.go:83.91,89.2 5 0
github.com/meraiku/music_lib/internal/repo/mocks/mock_repo.go:92.90,95.2 2 0
github.com/meraiku/music_lib/internal/repo/mocks/mock_repo.go:98.104,104.2 5 0
github.com/meraiku/music_lib/internal/repo/mocks/mock_repo.go:107.91,110.2 2 0
github.com/meraiku/music_lib/internal/service/music/helpers.go:9.45,14.30 3 1
github.com/meraiku/music_lib/internal/service/music/helpers.go:14.30,17.3 2 1
github.com/meraiku/music_lib/internal/service/music/helpers.go:19.2,19.12 1 1
github.com/meraiku/music_lib/internal/service/music/service.go:16.12,21.2 1 1
github.com/meraiku/music_lib/internal/service/music/songs.go:13.97,18.16 3 1
github.com/meraiku/music_lib/internal/service/music/songs.go:18.16,20.3 1 0
github.com/meraiku/music_lib/internal/service/music/songs.go:22.2,22.19 1 1
github.com/meraiku/music_lib/internal/service/music/songs.go:25.92,32.16 4 0
github.com/meraiku/music_lib/internal/service/music/songs.go:32.16,34.3 1 0
github.com/meraiku/music_lib/internal/service/music/songs.go:36.2,38.35 2 0
github.com/meraiku/music_lib/internal/service/music/songs.go:38.35,40.3 1 0
github.com/meraiku/music_lib/internal/service/music/songs.go:42.2,42.15 1 0
github.com/meraiku/music_lib/internal/service/music/songs.go:43.9,44.18 1 0
github.com/meraiku/music_lib/internal/service/music/songs.go:45.10,46.43 1 0
github.com/meraiku/music_lib/internal/service/music/songs.go:50.88,59.16 5 0
github.com/meraiku/music_lib/internal/service/music/songs.go:59.16,60.40 1 0
github.com/meraiku/music_lib/internal/service/music/songs.go:60.40,62.4 1 0
github.com/meraiku/music_lib/internal/service/music/songs.go:63.3,63.46 1 0
github.com/meraiku/music_lib/internal/service/music/songs.go:66.2,69.16 3 0
github.com/meraiku/music_lib/internal/service/music/songs.go:69.16,71.3 1 0
github.com/meraiku/music_lib/internal/service/music/songs.go:73.2,73.18 1 0
github.com/meraiku/music_lib/internal/service/music/songs.go:76.68,81.2 2 0
github.com/meraiku/music_lib/internal/service/music/songs.go:83.92,88.16 3 0
github.com/meraiku/music_lib/internal/service/music/songs.go:88.16,90.3 1 0
github.com/meraiku/music_lib/internal/service/music/songs.go:92.2,92.17 1 0
github.com/meraiku/music_lib/pkg/logging/handler.go:20.65,22.2 1 1
github.com/meraiku/music_lib/pkg/logging/handler.go:24.79,26.2 1 0
github.com/meraiku/music_lib/pkg/logging/handler.go:28.80,29.42 1 0
github.com/meraiku/music_lib/pkg/logging/handler.go:29.42,31.3 1 0
github.com/meraiku/music_lib/pkg/logging/handler.go:33.2,33.32 1 0
github.com/meraiku/music_lib/pkg/logging/handler.go:36.71,38.2 1 0
github.com/meraiku/music_lib/pkg/logging/handler.go:40.65,42.2 1 0
github.com/meraiku/music_lib/pkg/logging/logging.go:12.31,16.2 1 1
github.com/meraiku/music_lib/pkg/logging/logging.go:18.74,20.2 1 0
github.com/meraiku/music_lib/pkg/logging/slog.go:12.40,16.15 2 1
github.com/meraiku/music_lib/pkg/logging/slog.go:16.15,18.3 1 0
github.com/meraiku/music_lib/pkg/logging/slog.go:20.2,20.13 1 1
github.com/meraiku/music_lib/pkg/logging/slog.go:21.13,26.4 2 1
github.com/meraiku/music_lib/pkg/logging/slog.go:27.14,34.4 2 0
github.com/meraiku/music_lib/pkg/logging/slog.go:35.17,36.62 1 0
github.com/meraiku/music_lib/pkg/logging/slog.go:37.10,38.82 1 0
github.com/meraiku/music_lib/pkg/logging/slog.go:41.2,43.10 2 1
github.com/meraiku/music_lib/pkg/logging/slog.go:46.33,47.50 1 1
github.com/meraiku/music_lib/pkg/logging/slog.go:47.50,48.64 1 0
github.com/meraiku/music_lib/pkg/logging/slog.go:51.2,52.16 2 1
github.com/meraiku/music_lib/pkg/logging/slog.go:52.16,53.57 1 0
github.com/meraiku/music_lib/pkg/logging/slog.go:55.2,55.10 1 1
github.com/meraiku/music_lib/pkg/logging/trace.go:16.53,17.24 1 0
github.com/meraiku/music_lib/pkg/logging/trace.go:18.20,19.36 1 0
github.com/meraiku/music_lib/pkg/logging/trace.go:20.14,21.23 1 0
github.com/meraiku/music_lib/pkg/logging/trace.go:25.2,25.10 1 0
github.com/meraiku/music_lib/pkg/logging/trace.go:28.43,31.21 2 0
github.com/meraiku/music_lib/pkg/logging/trace.go:31.21,33.3 1 0
github.com/meraiku/music_lib/pkg/logging/trace.go:35.2,39.27 3 0
github.com/meraiku/music_lib/pkg/logging/trace.go:39.27,50.3 2 0
github.com/meraiku/music_lib/pkg/logging/trace.go:52.2,52.10 1 0
github.com/meraiku/music_lib/pkg/logging/trace.go:55.35,62.19 4 0
github.com/meraiku/music_lib/pkg/logging/trace.go:62.19,66.3 1 0
github.com/meraiku/music_lib/pkg/logging/trace.go:68.2,68.40 1 0
github.com/meraiku/music_lib/sql/migrations.go:13.30,17.53 2 0
github.com/meraiku/music_lib/sql/migrations.go:17.53,19.3 1 0
github.com/meraiku/music_lib/sql/migrations.go:21.2,21.51 1 0
github.com/meraiku/music_lib/sql/migrations.go:21.51,23.3 1 0
github.com/meraiku/music_lib/sql/migrations.go:25.2,25.12 1 0
